Welcome to the main menu. Please enter a command to continue
login = Login
create = Create Account
delete = Delete Account
buy = Buy Tickets
sell = Sell Tickets
refund = Refund Credits
addCredit = Add Credits
logout = Logout
login
Welcome to our Ticket Selling System
Please enter your username: user01
name = user01
status = AA
balance = 0

Welcome to the main menu. Please enter a command to continue
login = Login
create = Create Account
delete = Delete Account
buy = Buy Tickets
sell = Sell Tickets
refund = Refund Credits
addCredit = Add Credits
logout = Logout
create
To create a user, please enter a valid username:
testingusernamethatisgreaterthan15
The username must be 15 characters or less, please try again:
To create a user, please enter a valid username: