Welcome to the main menu. Please enter a command to continue
login = Login
create = Create Account
delete = Delete Account
buy = Buy Tickets
sell = Sell Tickets
refund = Refund Credits
addCredit = Add Credits
logout = Logout
login
Welcome to our Ticket Selling System
Please enter your username: user04
name = user04
status = SS
balance = 200

Welcome to the main menu. Please enter a command to continue
login = Login
create = Create Account
delete = Delete Account
buy = Buy Tickets
sell = Sell Tickets
refund = Refund Credits
addCredit = Add Credits
logout = Logout
logout
Logout Succesful!